<?xml version="1.0" encoding="UTF-8"?>
<!-- Generated by org.testng.reporters.JUnitReportReporter -->
<testsuite hostname="sheridan-PC" name="com.mlb.Assesment.MlbProject.FlowOneLogin" tests="3" failures="0" timestamp="7 Mar 2016 02:53:06 GMT" time="23.086" errors="0">
  <testcase name="IncorectUsername" time="3.580" classname="com.mlb.Assesment.MlbProject.FlowOneLogin"/>
  <testcase name="IncorectPassword" time="11.437" classname="com.mlb.Assesment.MlbProject.FlowOneLogin"/>
  <testcase name="Login" time="8.069" classname="com.mlb.Assesment.MlbProject.FlowOneLogin"/>
</testsuite> <!-- com.mlb.Assesment.MlbProject.FlowOneLogin -->
